app/build/intermediates/manifest_merge_blame_file/debug/manifest-merger-blame-debug-report.txt
1<?xml version="1.0" encoding="utf-8"?>
2<manifest xmlns:android="http://schemas.android.com/apk/res/android"
3    package="com.uuu"
4    android:versionCode="1"
5    android:versionName="1.0" >
6
7    <uses-sdk
8        android:minSdkVersion="25"
8-->src\main\AndroidManifest.xml
9        android:targetSdkVersion="29" />
9-->src\main\AndroidManifest.xml
10
11    <uses-permission android:name="android.permission.READ_CONTACTS" />
11-->src\main\AndroidManifest.xml:7:5-72
11-->src\main\AndroidManifest.xml:7:22-69
12
13    <application
13-->src\main\AndroidManifest.xml:9:5-18:19
14        android:debuggable="true"
15        android:extractNativeLibs="false"
16        android:icon="@drawable/icon"
16-->src\main\AndroidManifest.xml:9:18-47
17        android:label="@string/app_name"
17-->src\main\AndroidManifest.xml:9:48-80
18        android:testOnly="true" >
19        <activity
19-->src\main\AndroidManifest.xml:10:9-16:20
20            android:name="com.uuu.ContentProviderExerciseActivity"
20-->src\main\AndroidManifest.xml:10:19-66
21            android:label="@string/app_name" >
21-->src\main\AndroidManifest.xml:11:19-51
22            <intent-filter>
22-->src\main\AndroidManifest.xml:12:13-15:29
23                <action android:name="android.intent.action.MAIN" />
23-->src\main\AndroidManifest.xml:13:17-69
23-->src\main\AndroidManifest.xml:13:25-66
24
25                <category android:name="android.intent.category.LAUNCHER" />
25-->src\main\AndroidManifest.xml:14:17-77
25-->src\main\AndroidManifest.xml:14:27-74
26            </intent-filter>
27        </activity>
28    </application>
29
30</manifest>